<?xml version="1.0" encoding="UTF-8"?>
<!-- Generated by org.testng.reporters.JUnitReportReporter -->
<testsuite hostname="localhost" name="com.example.demo.Login.LoginControllerTest" tests="3" failures="0" timestamp="20 May 2019 08:01:43 GMT" time="7.114" errors="0">
  <testcase name="testLoginPasswordFall" time="2.363" classname="com.example.demo.Login.LoginControllerTest"/>
  <testcase name="testLoginRight" time="2.361" classname="com.example.demo.Login.LoginControllerTest"/>
  <testcase name="testLoginAccountFall" time="2.390" classname="com.example.demo.Login.LoginControllerTest"/>
</testsuite> <!-- com.example.demo.Login.LoginControllerTest -->
