<?xml version="1.0" encoding="UTF-8"?>
<!-- Generated by org.testng.reporters.JUnitReportReporter -->
<testsuite hostname="localhost" name="com.example.demo.Login.LoginControllerTest" tests="3" failures="0" timestamp="20 May 2019 06:39:37 GMT" time="12.397" errors="0">
  <testcase name="testLoginPasswordFall" time="2.193" classname="com.example.demo.Login.LoginControllerTest"/>
  <testcase name="testLogin" time="8.010" classname="com.example.demo.Login.LoginControllerTest"/>
  <testcase name="testLoginAccountFall" time="2.194" classname="com.example.demo.Login.LoginControllerTest"/>
</testsuite> <!-- com.example.demo.Login.LoginControllerTest -->
